2025-08-13 15:19:27,693 DEBUG Horse : Создание Horse, имя [Bucephalus], скорость [2.4]
2025-08-13 15:19:27,699 DEBUG Horse : Создание Horse, имя [Ace of Spades], скорость [2.5]
2025-08-13 15:19:27,699 DEBUG Horse : Создание Horse, имя [Zephyr], скорость [2.6]
2025-08-13 15:19:27,699 DEBUG Horse : Создание Horse, имя [Blaze], скорость [2.7]
2025-08-13 15:19:27,699 DEBUG Horse : Создание Horse, имя [Lobster], скорость [2.8]
2025-08-13 15:19:27,699 DEBUG Horse : Создание Horse, имя [Pegasus], скорость [2.9]
2025-08-13 15:19:27,699 DEBUG Horse : Создание Horse, имя [Cherry], скорость [3.0]
2025-08-13 15:19:27,700 DEBUG Hippodrome : Создание Hippodrome, лошадей [7]
2025-08-13 15:19:27,700 INFO Main : Начало скачек. Количество участников: 7
2025-08-13 15:19:48,134 INFO Main : Окончание скачек. Победитель: Cherry
2025-08-13 15:56:06,986 ERROR Horse : Name is blank
2025-08-13 15:56:06,995 DEBUG Horse : Создание Horse, имя [\n], скорость [2.8]
2025-08-13 15:56:07,001 DEBUG Horse : Создание Horse, имя [\t], скорость [2.8]
2025-08-13 15:56:07,004 DEBUG Horse : Создание Horse, имя [\f], скорость [2.8]
2025-08-13 15:56:07,007 DEBUG Horse : Создание Horse, имя [\r], скорость [2.8]
2025-08-13 15:56:07,469 DEBUG Horse : Создание Horse, имя [Irma], скорость [2.0]
2025-08-13 15:56:18,966 DEBUG Horse : Создание Horse, имя [Irma], скорость [1.2]
2025-08-13 15:56:18,969 ERROR Horse : Distance is negative
2025-08-13 15:56:18,969 DEBUG Horse : Создание Horse, имя [Irma], скорость [2.2]
2025-08-13 15:56:18,969 DEBUG Horse : Создание Horse, имя [Irma], скорость [2.8]
2025-08-13 15:56:19,452 DEBUG Horse : Создание Horse, имя [Irma], скорость [2.2]
2025-08-13 15:56:19,463 ERROR Horse : Name is null
2025-08-13 15:56:19,468 DEBUG Horse : Создание Horse, имя [Irma], скорость [2.2]
2025-08-13 15:56:19,468 ERROR Horse : Speed is negative
2025-08-13 15:56:19,471 ERROR Hippodrome : Horses list is empty.
2025-08-13 15:56:19,471 ERROR Hippodrome : Horses list is null
2025-08-13 15:56:45,089 DEBUG Horse : Создание Horse, имя [Irma], скорость [1.2]
2025-08-13 15:56:45,093 ERROR Horse : Distance is negative
2025-08-13 15:56:45,094 DEBUG Horse : Создание Horse, имя [Irma], скорость [2.2]
2025-08-13 15:56:45,095 DEBUG Horse : Создание Horse, имя [Irma], скорость [2.8]
2025-08-13 15:56:45,393 DEBUG Horse : Создание Horse, имя [Irma], скорость [2.2]
2025-08-13 15:56:45,400 ERROR Horse : Name is null
2025-08-13 15:56:45,407 DEBUG Horse : Создание Horse, имя [Irma], скорость [2.2]
2025-08-13 15:56:45,408 ERROR Horse : Speed is negative
2025-08-13 15:56:45,409 ERROR Hippodrome : Horses list is empty.
2025-08-13 15:56:45,410 ERROR Hippodrome : Horses list is null
2025-08-13 15:56:45,519 ERROR Horse : Name is blank
2025-08-13 15:56:45,522 DEBUG Horse : Создание Horse, имя [\n], скорость [2.8]
2025-08-13 15:56:45,527 DEBUG Horse : Создание Horse, имя [\t], скорость [2.8]
2025-08-13 15:56:45,530 DEBUG Horse : Создание Horse, имя [\f], скорость [2.8]
2025-08-13 15:56:45,532 DEBUG Horse : Создание Horse, имя [\r], скорость [2.8]
2025-08-13 15:58:04,938 DEBUG Horse : Создание Horse, имя [Irma], скорость [1.2]
2025-08-13 15:58:04,942 ERROR Horse : Distance is negative
2025-08-13 15:58:04,943 DEBUG Horse : Создание Horse, имя [Irma], скорость [2.2]
2025-08-13 15:58:04,943 DEBUG Horse : Создание Horse, имя [Irma], скорость [2.8]
2025-08-13 15:58:05,253 DEBUG Horse : Создание Horse, имя [Irma], скорость [2.2]
2025-08-13 15:58:05,260 ERROR Horse : Name is null
2025-08-13 15:58:05,261 DEBUG Horse : Создание Horse, имя [Irma], скорость [2.2]
2025-08-13 15:58:05,261 ERROR Horse : Speed is negative
2025-08-13 15:58:05,264 ERROR Hippodrome : Horses list is empty.
2025-08-13 15:58:05,265 ERROR Hippodrome : Horses list is null
2025-08-13 15:58:05,322 ERROR Horse : Name is blank
2025-08-13 15:58:05,324 DEBUG Horse : Создание Horse, имя [\n], скорость [2.8]
2025-08-13 15:58:05,332 DEBUG Horse : Создание Horse, имя [\t], скорость [2.8]
2025-08-13 15:58:05,335 DEBUG Horse : Создание Horse, имя [\f], скорость [2.8]
2025-08-13 15:58:05,338 DEBUG Horse : Создание Horse, имя [\r], скорость [2.8]
2025-08-13 16:00:43,851 DEBUG Horse : Создание Horse, имя [Irma], скорость [1.2]
2025-08-13 16:00:43,858 ERROR Horse : Distance is negative
2025-08-13 16:00:43,859 DEBUG Horse : Создание Horse, имя [Irma], скорость [2.2]
2025-08-13 16:00:43,860 DEBUG Horse : Создание Horse, имя [Irma], скорость [2.8]
2025-08-13 16:00:44,199 DEBUG Horse : Создание Horse, имя [Irma], скорость [2.2]
2025-08-13 16:00:44,206 ERROR Horse : Name is null
2025-08-13 16:00:44,207 DEBUG Horse : Создание Horse, имя [Irma], скорость [2.2]
2025-08-13 16:00:44,208 ERROR Horse : Speed is negative
2025-08-13 16:00:44,210 ERROR Hippodrome : Horses list is empty.
2025-08-13 16:00:44,211 ERROR Hippodrome : Horses list is null
2025-08-13 16:00:44,264 ERROR Horse : Name is blank
2025-08-13 16:00:44,266 ERROR Horse : Name is blank
2025-08-13 16:00:44,268 ERROR Horse : Name is blank
2025-08-13 16:00:44,270 ERROR Horse : Name is blank
2025-08-13 16:00:44,272 ERROR Horse : Name is blank
2025-08-13 17:49:42,484 DEBUG Horse : Создание Horse, имя [Irma], скорость [1.2]
2025-08-13 17:49:42,490 ERROR Horse : Distance is negative
2025-08-13 17:49:42,492 DEBUG Horse : Создание Horse, имя [Irma], скорость [2.2]
2025-08-13 17:49:42,492 DEBUG Horse : Создание Horse, имя [Irma], скорость [2.8]
2025-08-13 17:49:42,841 DEBUG Horse : Создание Horse, имя [Irma], скорость [2.2]
2025-08-13 17:49:42,850 ERROR Horse : Name is null
2025-08-13 17:49:42,851 DEBUG Horse : Создание Horse, имя [Irma], скорость [2.2]
2025-08-13 17:49:42,851 ERROR Horse : Speed is negative
2025-08-13 17:49:42,853 ERROR Hippodrome : Horses list is empty.
2025-08-13 17:49:42,854 ERROR Hippodrome : Horses list is null
2025-08-13 17:49:42,931 ERROR Horse : Name is blank
2025-08-13 17:49:42,935 ERROR Horse : Name is blank
2025-08-13 17:49:42,937 ERROR Horse : Name is blank
2025-08-13 17:49:42,939 ERROR Horse : Name is blank
2025-08-13 17:49:42,940 ERROR Horse : Name is blank
2025-08-13 17:51:45,857 DEBUG Horse : Создание Horse, имя [Irma], скорость [1.2]
2025-08-13 17:51:45,862 ERROR Horse : Distance is negative
2025-08-13 17:51:45,863 DEBUG Horse : Создание Horse, имя [Irma], скорость [2.2]
2025-08-13 17:51:45,864 DEBUG Horse : Создание Horse, имя [Irma], скорость [2.8]
2025-08-13 17:51:46,188 DEBUG Horse : Создание Horse, имя [Irma], скорость [2.2]
2025-08-13 17:51:46,195 ERROR Horse : Name is null
2025-08-13 17:51:46,196 DEBUG Horse : Создание Horse, имя [Irma], скорость [2.2]
2025-08-13 17:51:46,196 ERROR Horse : Speed is negative
2025-08-13 17:51:46,199 ERROR Hippodrome : Horses list is empty.
2025-08-13 17:51:46,200 ERROR Hippodrome : Horses list is null
2025-08-13 17:51:46,263 ERROR Horse : Name is blank
2025-08-13 17:51:46,266 ERROR Horse : Name is blank
2025-08-13 17:51:46,269 ERROR Horse : Name is blank
2025-08-13 17:51:46,271 ERROR Horse : Name is blank
2025-08-13 17:51:46,272 ERROR Horse : Name is blank
2025-08-13 17:51:46,291 DEBUG Horse : Создание Horse, имя [Irma], скорость [2.0]
2025-08-13 17:51:46,300 DEBUG Horse : Создание Horse, имя [Irma], скорость [1.0]
2025-08-13 17:51:46,305 DEBUG Horse : Создание Horse, имя [Irma], скорость [3.0]
2025-08-13 17:54:04,613 DEBUG Horse : Создание Horse, имя [Irma], скорость [1.2]
2025-08-13 17:54:04,618 ERROR Horse : Distance is negative
2025-08-13 17:54:04,618 DEBUG Horse : Создание Horse, имя [Irma], скорость [2.2]
2025-08-13 17:54:04,619 DEBUG Horse : Создание Horse, имя [Irma], скорость [2.8]
2025-08-13 17:54:04,934 DEBUG Horse : Создание Horse, имя [Irma], скорость [2.2]
2025-08-13 17:54:04,941 ERROR Horse : Name is null
2025-08-13 17:54:04,942 DEBUG Horse : Создание Horse, имя [Irma], скорость [2.2]
2025-08-13 17:54:04,942 ERROR Horse : Speed is negative
2025-08-13 17:54:04,944 ERROR Hippodrome : Horses list is empty.
2025-08-13 17:54:04,945 ERROR Hippodrome : Horses list is null
2025-08-13 17:54:05,013 ERROR Horse : Name is blank
2025-08-13 17:54:05,017 ERROR Horse : Name is blank
2025-08-13 17:54:05,019 ERROR Horse : Name is blank
2025-08-13 17:54:05,022 ERROR Horse : Name is blank
2025-08-13 17:54:05,024 ERROR Horse : Name is blank
2025-08-13 17:54:05,043 DEBUG Horse : Создание Horse, имя [Irma], скорость [1.0]
2025-08-13 17:54:05,045 DEBUG Horse : Создание Horse, имя [Irma], скорость [2.0]
2025-08-13 17:54:05,047 DEBUG Horse : Создание Horse, имя [Irma], скорость [3.0]
